  LoaderMain.cpp
C:\Users\USER\Desktop\ManualMap_Loader\ManualMap_Loader\ManualMap_Loader\LoaderMain.cpp(38,24): warning C4101: 'delta' :참조되지 않은 지역 변수입니다.
C:\Users\USER\Desktop\ManualMap_Loader\ManualMap_Loader\ManualMap_Loader\LoaderMain.cpp(37,18): warning C4101: 'count' :참조되지 않은 지역 변수입니다.
C:\Users\USER\Desktop\ManualMap_Loader\ManualMap_Loader\ManualMap_Loader\LoaderMain.cpp(37,11): warning C4101: 'index' :참조되지 않은 지역 변수입니다.
C:\Users\USER\Desktop\ManualMap_Loader\ManualMap_Loader\ManualMap_Loader\LoaderMain.cpp(40,12): warning C4101: 'ptr' :참조되지 않은 지역 변수입니다.
C:\Users\USER\Desktop\ManualMap_Loader\ManualMap_Loader\ManualMap_Loader\LoaderMain.cpp(41,11): warning C4101: 'list' :참조되지 않은 지역 변수입니다.
C:\Users\USER\Desktop\ManualMap_Loader\ManualMap_Loader\ManualMap_Loader\LoaderMain.cpp(167,21): warning C4101: 'NumWritten' :참조되지 않은 지역 변수입니다.
C:\Users\USER\Desktop\ManualMap_Loader\ManualMap_Loader\ManualMap_Loader\LoaderMain.cpp(168,12): warning C4101: 'hFile' :참조되지 않은 지역 변수입니다.
C:\Users\USER\Desktop\ManualMap_Loader\ManualMap_Loader\ManualMap_Loader\LoaderMain.cpp(167,11): warning C4101: 'FileSize' :참조되지 않은 지역 변수입니다.
C:\Users\USER\Desktop\ManualMap_Loader\ManualMap_Loader\ManualMap_Loader\LoaderMain.cpp(316,52): warning C4311: '형식 캐스트': 'DWORD (__cdecl *)(void)'에서 'DWORD'(으)로 포인터가 잘립니다.
C:\Users\USER\Desktop\ManualMap_Loader\ManualMap_Loader\ManualMap_Loader\LoaderMain.cpp(316,52): warning C4302: '형식 캐스트': 'DWORD (__cdecl *)(void)'에서 'DWORD'(으)로 잘립니다.
C:\Users\USER\Desktop\ManualMap_Loader\ManualMap_Loader\ManualMap_Loader\LoaderMain.cpp(316,78): warning C4311: '형식 캐스트': 'DWORD (__cdecl *)(PVOID)'에서 'DWORD'(으)로 포인터가 잘립니다.
C:\Users\USER\Desktop\ManualMap_Loader\ManualMap_Loader\ManualMap_Loader\LoaderMain.cpp(316,78): warning C4302: '형식 캐스트': 'DWORD (__cdecl *)(PVOID)'에서 'DWORD'(으)로 잘립니다.
C:\Users\USER\Desktop\ManualMap_Loader\ManualMap_Loader\ManualMap_Loader\LoaderMain.cpp(321,53): warning C4311: '형식 캐스트': 'PDWORD'에서 'DWORD'(으)로 포인터가 잘립니다.
C:\Users\USER\Desktop\ManualMap_Loader\ManualMap_Loader\ManualMap_Loader\LoaderMain.cpp(321,53): warning C4302: '형식 캐스트': 'PDWORD'에서 'DWORD'(으)로 잘립니다.
C:\Users\USER\Desktop\ManualMap_Loader\ManualMap_Loader\ManualMap_Loader\LoaderMain.cpp(322,99): warning C4312: '형식 캐스트': 'DWORD'에서 더 큰 'PVOID'(으)로의 변환입니다.
  코드를 생성하고 있습니다.
  1 of 117 functions ( 0.9%) were compiled, the rest were copied from previous compilation.
    0 functions were new in current compilation
    1 functions had inline decision re-evaluated but remain unchanged
  코드를 생성했습니다.
  ManualMap_Loader.vcxproj -> C:\Users\USER\Desktop\ManualMap_Loader\ManualMap_Loader\x64\Release\ManualMap_Loader.exe
